Build started 8/21/2014 7:26:36 AM.
     1>Project "D:\installer\ACR38U SDK\Data\Sample Codes\MS Visual C++ 6.0\ACOS3\ACOS3 Account\ACOS Sample Codes.vcxproj" on node 2 (Build target(s)).
     1>C:\Program Files (x86)\MSBuild\Microsoft.Cpp\v4.0\V120\Microsoft.CppBuild.targets(369,5): error MSB8031: Building an MFC project for a non-Unicode character set is deprecated. You must change the project property to Unicode or download an additional library. See http://go.microsoft.com/fwlink/p/?LinkId=286820 for more information.
     1>Done Building Project "D:\installer\ACR38U SDK\Data\Sample Codes\MS Visual C++ 6.0\ACOS3\ACOS3 Account\ACOS Sample Codes.vcxproj" (Build target(s)) -- FAILED.

Build FAILED.

Time Elapsed 00:00:00.41
